{"level":"info","message":"::1 - - [07/Jun/2016:00:08:54 +0000] \"GET /stores.html?cityId=9173&channel=4 HTTP/1.1\" 404 50\n","timestamp":"2016-06-07T00:08:54.201Z"}
{"level":"info","message":"::1 - - [07/Jun/2016:00:08:54 +0000] \"GET /favicon.ico HTTP/1.1\" 404 24\n","timestamp":"2016-06-07T00:08:54.577Z"}
{"level":"info","message":"::1 - - [07/Jun/2016:00:24:44 +0000] \"GET /stores.html?cityId=9173&channel=4 HTTP/1.1\" 200 21\n","timestamp":"2016-06-07T00:24:44.816Z"}
{"level":"info","message":"::1 - - [07/Jun/2016:02:17:09 +0000] \"GET /stores.html?cityId=9173&channel=4 HTTP/1.1\" 500 -\n","timestamp":"2016-06-07T02:17:09.418Z"}
{"level":"info","message":"::1 - - [07/Jun/2016:02:17:26 +0000] \"GET /stores.html?cityId=9173&channel=4 HTTP/1.1\" 500 -\n","timestamp":"2016-06-07T02:17:26.158Z"}
{"level":"info","message":"::1 - - [07/Jun/2016:02:26:28 +0000] \"GET /stores.html?cityId=9173&channel=4 HTTP/1.1\" - -\n","timestamp":"2016-06-07T02:26:28.322Z"}
{"level":"info","message":"::1 - - [07/Jun/2016:02:26:55 +0000] \"GET /stores.html?cityId=9173&channel=4 HTTP/1.1\" - -\n","timestamp":"2016-06-07T02:26:55.857Z"}
{"level":"info","message":"::1 - - [07/Jun/2016:02:27:10 +0000] \"GET /stores.html?cityId=9173&channel=4 HTTP/1.1\" - -\n","timestamp":"2016-06-07T02:27:10.499Z"}
{"level":"info","message":"::1 - - [07/Jun/2016:02:29:57 +0000] \"GET /stores.html?cityId=9173&channel=4 HTTP/1.1\" - -\n","timestamp":"2016-06-07T02:29:57.145Z"}
{"level":"info","message":"::1 - - [07/Jun/2016:02:36:50 +0000] \"GET /stores.html?cityId=9173&channel=4 HTTP/1.1\" 200 121\n","timestamp":"2016-06-07T02:36:50.858Z"}
{"level":"info","message":"::1 - - [07/Jun/2016:02:39:07 +0000] \"GET /stores.html?cityId=9173&channel=4 HTTP/1.1\" 200 107\n","timestamp":"2016-06-07T02:39:07.311Z"}
{"level":"info","message":"::1 - - [07/Jun/2016:02:39:21 +0000] \"GET /stores.html?cityId=9173&channel=4 HTTP/1.1\" 304 -\n","timestamp":"2016-06-07T02:39:21.150Z"}
{"level":"info","message":"::1 - - [07/Jun/2016:02:39:23 +0000] \"GET /stores.html?cityId=9173&channel=4 HTTP/1.1\" 304 -\n","timestamp":"2016-06-07T02:39:23.934Z"}
{"level":"info","message":"::1 - - [07/Jun/2016:02:39:26 +0000] \"GET /stores.html?cityId=9173&channel=4 HTTP/1.1\" 304 -\n","timestamp":"2016-06-07T02:39:26.015Z"}
{"level":"info","message":"::1 - - [07/Jun/2016:02:39:39 +0000] \"GET /stores.html?cityId=9173&channel=4 HTTP/1.1\" 304 -\n","timestamp":"2016-06-07T02:39:39.172Z"}
{"level":"info","message":"::1 - - [07/Jun/2016:02:39:57 +0000] \"GET /stores.html?cityId=9173&channel=4 HTTP/1.1\" 304 -\n","timestamp":"2016-06-07T02:39:57.984Z"}
{"level":"info","message":"::1 - - [07/Jun/2016:02:50:42 +0000] \"GET /stores.html?cityId=9173&channel=4 HTTP/1.1\" 200 21\n","timestamp":"2016-06-07T02:50:42.817Z"}
{"level":"info","message":"::1 - - [07/Jun/2016:02:51:36 +0000] \"GET /stores.html?cityId=9173&channel=4 HTTP/1.1\" 304 -\n","timestamp":"2016-06-07T02:51:36.137Z"}
{"level":"info","message":"::1 - - [07/Jun/2016:03:52:54 +0000] \"GET /stores.html?cityId=9173&channel=4 HTTP/1.1\" 304 -\n","timestamp":"2016-06-07T03:52:54.707Z"}
{"level":"info","message":"::1 - - [07/Jun/2016:03:53:20 +0000] \"GET /stores.html?cityId=9173&channel=4 HTTP/1.1\" 304 -\n","timestamp":"2016-06-07T03:53:20.388Z"}
{"level":"info","message":"::1 - - [07/Jun/2016:03:54:33 +0000] \"GET /stores.html?cityId=9173&channel=4 HTTP/1.1\" 304 -\n","timestamp":"2016-06-07T03:54:33.101Z"}
{"level":"info","message":"::1 - - [07/Jun/2016:06:23:47 +0000] \"GET /stores.html?cityId=9173&channel=4 HTTP/1.1\" 304 -\n","timestamp":"2016-06-07T06:23:47.632Z"}
{"level":"info","message":"::1 - - [07/Jun/2016:06:23:48 +0000] \"GET /favicon.ico HTTP/1.1\" 404 24\n","timestamp":"2016-06-07T06:23:48.277Z"}
{"level":"info","message":"::1 - - [07/Jun/2016:06:56:55 +0000] \"GET /stores.html?cityId=9173&channel=4 HTTP/1.1\" 500 -\n","timestamp":"2016-06-07T06:56:55.928Z"}
{"level":"info","message":"::1 - - [07/Jun/2016:07:00:16 +0000] \"GET /stores.html?cityId=9173&channel=4 HTTP/1.1\" 500 -\n","timestamp":"2016-06-07T07:00:16.642Z"}
{"level":"info","message":"::1 - - [07/Jun/2016:07:01:47 +0000] \"GET /stores.html?cityId=9173&channel=4 HTTP/1.1\" 200 252\n","timestamp":"2016-06-07T07:01:47.855Z"}
{"level":"info","message":"::1 - - [07/Jun/2016:07:02:08 +0000] \"GET /stores.html?cityId=9173&channel=4 HTTP/1.1\" stores/index.html 252\n","timestamp":"2016-06-07T07:02:08.966Z"}
{"level":"info","message":"::1 - - [07/Jun/2016:07:02:17 +0000] \"GET /stores.html?cityId=9173&channel=4 HTTP/1.1\" 500 -\n","timestamp":"2016-06-07T07:02:17.734Z"}
{"level":"info","message":"::1 - - [07/Jun/2016:07:07:15 +0000] \"GET /stores.html?cityId=9173&channel=4 HTTP/1.1\" 200 16\n","timestamp":"2016-06-07T07:07:15.021Z"}
{"level":"info","message":"::1 - - [07/Jun/2016:07:08:18 +0000] \"GET /stores.html?cityId=9173&channel=4 HTTP/1.1\" 304 -\n","timestamp":"2016-06-07T07:08:18.471Z"}
{"level":"info","message":"::1 - - [07/Jun/2016:07:09:21 +0000] \"GET /stores.html?cityId=9173&channel=4 HTTP/1.1\" 500 -\n","timestamp":"2016-06-07T07:09:21.885Z"}
{"level":"info","message":"::1 - - [07/Jun/2016:07:10:55 +0000] \"GET /stores.html?cityId=9173&channel=4 HTTP/1.1\" 500 -\n","timestamp":"2016-06-07T07:10:55.428Z"}
{"level":"info","message":"::1 - - [07/Jun/2016:07:11:20 +0000] \"GET /stores.html?cityId=9173&channel=4 HTTP/1.1\" 500 -\n","timestamp":"2016-06-07T07:11:20.155Z"}
{"level":"info","message":"::1 - - [07/Jun/2016:07:12:07 +0000] \"GET /stores.html?cityId=9173&channel=4 HTTP/1.1\" 500 -\n","timestamp":"2016-06-07T07:12:07.272Z"}
{"level":"info","message":"::1 - - [07/Jun/2016:07:12:40 +0000] \"GET /stores.html?cityId=9173&channel=4 HTTP/1.1\" 500 -\n","timestamp":"2016-06-07T07:12:40.118Z"}
{"level":"info","message":"::1 - - [07/Jun/2016:07:16:40 +0000] \"GET /stores.html?cityId=9173&channel=4 HTTP/1.1\" 200 16\n","timestamp":"2016-06-07T07:16:40.386Z"}
{"level":"info","message":"::1 - - [07/Jun/2016:07:17:28 +0000] \"GET /stores.html?cityId=9173&channel=4 HTTP/1.1\" 304 -\n","timestamp":"2016-06-07T07:17:28.464Z"}
{"level":"info","message":"::1 - - [07/Jun/2016:07:18:51 +0000] \"GET /stores.html?cityId=9173&channel=4 HTTP/1.1\" 304 -\n","timestamp":"2016-06-07T07:18:51.657Z"}
{"level":"info","message":"::1 - - [07/Jun/2016:07:19:01 +0000] \"GET /stores.html?cityId=9173&channel=4 HTTP/1.1\" 304 -\n","timestamp":"2016-06-07T07:19:01.850Z"}
{"level":"info","message":"::1 - - [07/Jun/2016:07:19:20 +0000] \"GET /stores.html?cityId=9173&channel=4 HTTP/1.1\" 304 -\n","timestamp":"2016-06-07T07:19:20.201Z"}
{"level":"info","message":"::1 - - [07/Jun/2016:07:19:53 +0000] \"GET /stores.html?cityId=9173&channel=4 HTTP/1.1\" 304 -\n","timestamp":"2016-06-07T07:19:53.763Z"}
{"level":"info","message":"::1 - - [07/Jun/2016:07:22:02 +0000] \"GET /stores.html?cityId=9173&channel=4 HTTP/1.1\" 304 -\n","timestamp":"2016-06-07T07:22:02.075Z"}
{"level":"info","message":"::1 - - [07/Jun/2016:07:24:00 +0000] \"GET /stores.html?cityId=9173&channel=4 HTTP/1.1\" 304 -\n","timestamp":"2016-06-07T07:24:00.751Z"}
{"level":"info","message":"::1 - - [07/Jun/2016:07:25:14 +0000] \"GET /stores.html?cityId=9173&channel=4 HTTP/1.1\" 500 963\n","timestamp":"2016-06-07T07:25:14.429Z"}
{"level":"info","message":"::1 - - [07/Jun/2016:07:25:30 +0000] \"GET /stores.html?cityId=9173&channel=4 HTTP/1.1\" 200 16\n","timestamp":"2016-06-07T07:25:30.329Z"}
{"level":"info","message":"::1 - - [07/Jun/2016:07:28:05 +0000] \"GET /stores.html?cityId=9173&channel=4 HTTP/1.1\" 304 -\n","timestamp":"2016-06-07T07:28:05.624Z"}
{"level":"info","message":"::1 - - [07/Jun/2016:07:28:09 +0000] \"GET /stores.html?cityId=9173&channel=4 HTTP/1.1\" 304 -\n","timestamp":"2016-06-07T07:28:09.809Z"}
{"level":"info","message":"::1 - - [07/Jun/2016:07:28:44 +0000] \"GET /stores.html?cityId=9173&channel=4 HTTP/1.1\" 200 -\n","timestamp":"2016-06-07T07:28:44.121Z"}
{"level":"info","message":"::1 - - [07/Jun/2016:07:28:44 +0000] \"GET /stylesheets/index.css?v=${versionNo} HTTP/1.1\" 404 49\n","timestamp":"2016-06-07T07:28:44.157Z"}
{"level":"info","message":"::1 - - [07/Jun/2016:07:28:44 +0000] \"GET /javascripts/stores.js?v=${versionNo} HTTP/1.1\" 404 49\n","timestamp":"2016-06-07T07:28:44.160Z"}
{"level":"info","message":"::1 - - [07/Jun/2016:07:28:44 +0000] \"GET /stylesheets/index.css?v=${versionNo} HTTP/1.1\" 404 49\n","timestamp":"2016-06-07T07:28:44.582Z"}
{"level":"info","message":"::1 - - [07/Jun/2016:07:28:44 +0000] \"GET /javascripts/stores.js?v=${versionNo} HTTP/1.1\" 404 49\n","timestamp":"2016-06-07T07:28:44.649Z"}
{"level":"info","message":"::1 - - [07/Jun/2016:07:28:48 +0000] \"GET /stores.html?cityId=9173&channel=4 HTTP/1.1\" 304 -\n","timestamp":"2016-06-07T07:28:48.905Z"}
{"level":"info","message":"::1 - - [07/Jun/2016:07:28:48 +0000] \"GET /stylesheets/index.css?v=${versionNo} HTTP/1.1\" 404 49\n","timestamp":"2016-06-07T07:28:48.937Z"}
{"level":"info","message":"::1 - - [07/Jun/2016:07:28:48 +0000] \"GET /javascripts/stores.js?v=${versionNo} HTTP/1.1\" 404 49\n","timestamp":"2016-06-07T07:28:48.940Z"}
{"level":"info","message":"::1 - - [07/Jun/2016:07:28:49 +0000] \"GET /stylesheets/index.css?v=${versionNo} HTTP/1.1\" 404 49\n","timestamp":"2016-06-07T07:28:49.176Z"}
{"level":"info","message":"::1 - - [07/Jun/2016:07:28:49 +0000] \"GET /javascripts/stores.js?v=${versionNo} HTTP/1.1\" 404 49\n","timestamp":"2016-06-07T07:28:49.265Z"}
{"level":"info","message":"::1 - - [07/Jun/2016:07:40:24 +0000] \"GET /stores.html?cityId=9173&channel=4 HTTP/1.1\" 304 -\n","timestamp":"2016-06-07T07:40:24.572Z"}
{"level":"info","message":"::1 - - [07/Jun/2016:07:40:28 +0000] \"GET /stylesheets/index.css?v=${versionNo} HTTP/1.1\" 404 49\n","timestamp":"2016-06-07T07:40:28.757Z"}
{"level":"info","message":"::1 - - [07/Jun/2016:07:40:28 +0000] \"GET /javascripts/stores.js?v=${versionNo} HTTP/1.1\" 404 49\n","timestamp":"2016-06-07T07:40:28.759Z"}
{"level":"info","message":"::1 - - [07/Jun/2016:07:40:29 +0000] \"GET /stylesheets/index.css?v=${versionNo} HTTP/1.1\" 404 49\n","timestamp":"2016-06-07T07:40:29.079Z"}
{"level":"info","message":"::1 - - [07/Jun/2016:07:40:29 +0000] \"GET /javascripts/stores.js?v=${versionNo} HTTP/1.1\" 404 49\n","timestamp":"2016-06-07T07:40:29.166Z"}
{"level":"info","message":"::1 - - [07/Jun/2016:07:41:31 +0000] \"GET /stores.html?cityId=9173&channel=4 HTTP/1.1\" 304 -\n","timestamp":"2016-06-07T07:41:31.197Z"}
{"level":"info","message":"::1 - - [07/Jun/2016:07:41:31 +0000] \"GET /stylesheets/index.css?v=${versionNo} HTTP/1.1\" 404 49\n","timestamp":"2016-06-07T07:41:31.259Z"}
{"level":"info","message":"::1 - - [07/Jun/2016:07:41:31 +0000] \"GET /javascripts/stores.js?v=${versionNo} HTTP/1.1\" 404 49\n","timestamp":"2016-06-07T07:41:31.261Z"}
{"level":"info","message":"::1 - - [07/Jun/2016:07:41:31 +0000] \"GET /stylesheets/index.css?v=${versionNo} HTTP/1.1\" 404 49\n","timestamp":"2016-06-07T07:41:31.804Z"}
{"level":"info","message":"::1 - - [07/Jun/2016:07:41:31 +0000] \"GET /javascripts/stores.js?v=${versionNo} HTTP/1.1\" 404 49\n","timestamp":"2016-06-07T07:41:31.873Z"}
{"level":"info","message":"::1 - - [07/Jun/2016:07:41:56 +0000] \"GET /stores.html?cityId=9173&channel=4 HTTP/1.1\" 304 -\n","timestamp":"2016-06-07T07:41:56.322Z"}
{"level":"info","message":"::1 - - [07/Jun/2016:07:41:56 +0000] \"GET /stylesheets/index.css?v=${versionNo} HTTP/1.1\" 404 49\n","timestamp":"2016-06-07T07:41:56.370Z"}
{"level":"info","message":"::1 - - [07/Jun/2016:07:41:56 +0000] \"GET /javascripts/stores.js?v=${versionNo} HTTP/1.1\" 404 49\n","timestamp":"2016-06-07T07:41:56.372Z"}
{"level":"info","message":"::1 - - [07/Jun/2016:07:41:56 +0000] \"GET /stylesheets/index.css?v=${versionNo} HTTP/1.1\" 404 49\n","timestamp":"2016-06-07T07:41:56.936Z"}
{"level":"info","message":"::1 - - [07/Jun/2016:07:41:56 +0000] \"GET /javascripts/stores.js?v=${versionNo} HTTP/1.1\" 404 49\n","timestamp":"2016-06-07T07:41:56.966Z"}
{"level":"info","message":"::1 - - [07/Jun/2016:07:42:18 +0000] \"GET /stores.html?cityId=9173&channel=4 HTTP/1.1\" 304 -\n","timestamp":"2016-06-07T07:42:18.108Z"}
{"level":"info","message":"::1 - - [07/Jun/2016:07:42:18 +0000] \"GET /stylesheets/index.css?v=${versionNo} HTTP/1.1\" 404 49\n","timestamp":"2016-06-07T07:42:18.155Z"}
{"level":"info","message":"::1 - - [07/Jun/2016:07:42:18 +0000] \"GET /javascripts/stores.js?v=${versionNo} HTTP/1.1\" 404 49\n","timestamp":"2016-06-07T07:42:18.161Z"}
{"level":"info","message":"::1 - - [07/Jun/2016:07:42:18 +0000] \"GET /stylesheets/index.css?v=${versionNo} HTTP/1.1\" 404 49\n","timestamp":"2016-06-07T07:42:18.494Z"}
{"level":"info","message":"::1 - - [07/Jun/2016:07:42:18 +0000] \"GET /javascripts/stores.js?v=${versionNo} HTTP/1.1\" 404 49\n","timestamp":"2016-06-07T07:42:18.571Z"}
{"level":"info","message":"::1 - - [07/Jun/2016:07:49:23 +0000] \"GET /stores.html?cityId=9173&channel=4 HTTP/1.1\" 200 -\n","timestamp":"2016-06-07T07:49:23.820Z"}
{"level":"info","message":"::1 - - [07/Jun/2016:07:49:23 +0000] \"GET /public/css/index.css?v=${versionNo} HTTP/1.1\" 404 48\n","timestamp":"2016-06-07T07:49:23.863Z"}
{"level":"info","message":"::1 - - [07/Jun/2016:07:49:23 +0000] \"GET /javascripts/stores.js?v=${versionNo} HTTP/1.1\" 404 49\n","timestamp":"2016-06-07T07:49:23.866Z"}
{"level":"info","message":"::1 - - [07/Jun/2016:07:49:24 +0000] \"GET /public/css/index.css?v=${versionNo} HTTP/1.1\" 404 48\n","timestamp":"2016-06-07T07:49:24.286Z"}
{"level":"info","message":"::1 - - [07/Jun/2016:07:49:24 +0000] \"GET /javascripts/stores.js?v=${versionNo} HTTP/1.1\" 404 49\n","timestamp":"2016-06-07T07:49:24.412Z"}
{"level":"info","message":"::1 - - [07/Jun/2016:07:49:29 +0000] \"GET /public/css/index.css?v=${versionNo} HTTP/1.1\" 404 48\n","timestamp":"2016-06-07T07:49:29.309Z"}
{"level":"info","message":"::1 - - [07/Jun/2016:07:49:37 +0000] \"GET /stores.html?cityId=9173&channel=4 HTTP/1.1\" 304 -\n","timestamp":"2016-06-07T07:49:37.314Z"}
{"level":"info","message":"::1 - - [07/Jun/2016:07:49:37 +0000] \"GET /public/css/index.css?v=${versionNo} HTTP/1.1\" 404 48\n","timestamp":"2016-06-07T07:49:37.359Z"}
{"level":"info","message":"::1 - - [07/Jun/2016:07:49:37 +0000] \"GET /javascripts/stores.js?v=${versionNo} HTTP/1.1\" 404 49\n","timestamp":"2016-06-07T07:49:37.360Z"}
{"level":"info","message":"::1 - - [07/Jun/2016:07:49:37 +0000] \"GET /public/css/index.css?v=${versionNo} HTTP/1.1\" 404 48\n","timestamp":"2016-06-07T07:49:37.968Z"}
{"level":"info","message":"::1 - - [07/Jun/2016:07:49:38 +0000] \"GET /javascripts/stores.js?v=${versionNo} HTTP/1.1\" 404 49\n","timestamp":"2016-06-07T07:49:38.205Z"}
{"level":"info","message":"::1 - - [07/Jun/2016:07:50:25 +0000] \"GET /stores.html?cityId=9173&channel=4 HTTP/1.1\" - -\n","timestamp":"2016-06-07T07:50:25.958Z"}
{"level":"info","message":"::1 - - [07/Jun/2016:07:52:00 +0000] \"GET /stores.html?cityId=9173&channel=4 HTTP/1.1\" 200 -\n","timestamp":"2016-06-07T07:52:00.575Z"}
{"level":"info","message":"::1 - - [07/Jun/2016:07:52:00 +0000] \"GET /public/css/index.css?v=${versionNo} HTTP/1.1\" 404 48\n","timestamp":"2016-06-07T07:52:00.805Z"}
{"level":"info","message":"::1 - - [07/Jun/2016:07:52:00 +0000] \"GET /javascripts/stores.js?v=${versionNo} HTTP/1.1\" 404 49\n","timestamp":"2016-06-07T07:52:00.848Z"}
{"level":"info","message":"::1 - - [07/Jun/2016:07:52:01 +0000] \"GET /public/css/index.css?v=${versionNo} HTTP/1.1\" 404 48\n","timestamp":"2016-06-07T07:52:01.386Z"}
{"level":"info","message":"::1 - - [07/Jun/2016:07:52:01 +0000] \"GET /javascripts/stores.js?v=${versionNo} HTTP/1.1\" 404 49\n","timestamp":"2016-06-07T07:52:01.692Z"}
{"level":"info","message":"::1 - - [07/Jun/2016:07:52:31 +0000] \"GET /stores.html?cityId=9173&channel=4 HTTP/1.1\" 304 -\n","timestamp":"2016-06-07T07:52:31.809Z"}
{"level":"info","message":"::1 - - [07/Jun/2016:07:52:31 +0000] \"GET /public/css/index.css?v=${versionNo} HTTP/1.1\" 404 48\n","timestamp":"2016-06-07T07:52:31.992Z"}
{"level":"info","message":"::1 - - [07/Jun/2016:07:52:32 +0000] \"GET /javascripts/stores.js?v=${versionNo} HTTP/1.1\" 404 49\n","timestamp":"2016-06-07T07:52:32.030Z"}
{"level":"info","message":"::1 - - [07/Jun/2016:07:52:32 +0000] \"GET /public/css/index.css?v=${versionNo} HTTP/1.1\" 404 48\n","timestamp":"2016-06-07T07:52:32.588Z"}
{"level":"info","message":"::1 - - [07/Jun/2016:07:52:32 +0000] \"GET /javascripts/stores.js?v=${versionNo} HTTP/1.1\" 404 49\n","timestamp":"2016-06-07T07:52:32.952Z"}
{"level":"info","message":"::1 - - [07/Jun/2016:07:53:29 +0000] \"GET /stores.html?cityId=9173&channel=4 HTTP/1.1\" 304 -\n","timestamp":"2016-06-07T07:53:29.045Z"}
{"level":"info","message":"::1 - - [07/Jun/2016:07:53:29 +0000] \"GET /public/css/index.css?v=${versionNo} HTTP/1.1\" 404 48\n","timestamp":"2016-06-07T07:53:29.120Z"}
{"level":"info","message":"::1 - - [07/Jun/2016:07:53:29 +0000] \"GET /javascripts/stores.js?v=${versionNo} HTTP/1.1\" 404 49\n","timestamp":"2016-06-07T07:53:29.133Z"}
{"level":"info","message":"::1 - - [07/Jun/2016:07:53:29 +0000] \"GET /public/css/index.css?v=${versionNo} HTTP/1.1\" 404 48\n","timestamp":"2016-06-07T07:53:29.633Z"}
{"level":"info","message":"::1 - - [07/Jun/2016:07:53:29 +0000] \"GET /javascripts/stores.js?v=${versionNo} HTTP/1.1\" 404 49\n","timestamp":"2016-06-07T07:53:29.897Z"}
{"level":"info","message":"::1 - - [07/Jun/2016:07:53:35 +0000] \"GET /stores.html?cityId=9173&channel=4 HTTP/1.1\" 304 -\n","timestamp":"2016-06-07T07:53:35.961Z"}
{"level":"info","message":"::1 - - [07/Jun/2016:07:53:36 +0000] \"GET /public/css/index.css?v=${versionNo} HTTP/1.1\" 404 48\n","timestamp":"2016-06-07T07:53:36.065Z"}
{"level":"info","message":"::1 - - [07/Jun/2016:07:53:36 +0000] \"GET /javascripts/stores.js?v=${versionNo} HTTP/1.1\" 404 49\n","timestamp":"2016-06-07T07:53:36.065Z"}
{"level":"info","message":"::1 - - [07/Jun/2016:07:53:36 +0000] \"GET /public/css/index.css?v=${versionNo} HTTP/1.1\" 404 48\n","timestamp":"2016-06-07T07:53:36.542Z"}
{"level":"info","message":"::1 - - [07/Jun/2016:07:53:36 +0000] \"GET /javascripts/stores.js?v=${versionNo} HTTP/1.1\" 404 49\n","timestamp":"2016-06-07T07:53:36.799Z"}
{"level":"info","message":"::1 - - [07/Jun/2016:07:55:04 +0000] \"GET /stores.html?cityId=9173&channel=4 HTTP/1.1\" 304 -\n","timestamp":"2016-06-07T07:55:04.552Z"}
{"level":"info","message":"::1 - - [07/Jun/2016:07:55:04 +0000] \"GET /public/css/index.css?v=${versionNo} HTTP/1.1\" 404 48\n","timestamp":"2016-06-07T07:55:04.626Z"}
{"level":"info","message":"::1 - - [07/Jun/2016:07:55:04 +0000] \"GET /javascripts/stores.js?v=${versionNo} HTTP/1.1\" 404 49\n","timestamp":"2016-06-07T07:55:04.628Z"}
{"level":"info","message":"::1 - - [07/Jun/2016:07:55:05 +0000] \"GET /public/css/index.css?v=${versionNo} HTTP/1.1\" 404 48\n","timestamp":"2016-06-07T07:55:05.118Z"}
{"level":"info","message":"::1 - - [07/Jun/2016:07:55:05 +0000] \"GET /javascripts/stores.js?v=${versionNo} HTTP/1.1\" 404 49\n","timestamp":"2016-06-07T07:55:05.432Z"}
{"level":"info","message":"::1 - - [07/Jun/2016:07:55:30 +0000] \"GET /stores.html?cityId=9173&channel=4 HTTP/1.1\" 304 -\n","timestamp":"2016-06-07T07:55:30.152Z"}
{"level":"info","message":"::1 - - [07/Jun/2016:07:55:30 +0000] \"GET /public/css/index.css?v=${versionNo} HTTP/1.1\" 404 48\n","timestamp":"2016-06-07T07:55:30.254Z"}
{"level":"info","message":"::1 - - [07/Jun/2016:07:55:30 +0000] \"GET /javascripts/stores.js?v=${versionNo} HTTP/1.1\" 404 49\n","timestamp":"2016-06-07T07:55:30.255Z"}
{"level":"info","message":"::1 - - [07/Jun/2016:07:55:30 +0000] \"GET /public/css/index.css?v=${versionNo} HTTP/1.1\" 404 48\n","timestamp":"2016-06-07T07:55:30.777Z"}
{"level":"info","message":"::1 - - [07/Jun/2016:07:55:31 +0000] \"GET /javascripts/stores.js?v=${versionNo} HTTP/1.1\" 404 49\n","timestamp":"2016-06-07T07:55:31.101Z"}
{"level":"info","message":"::1 - - [07/Jun/2016:07:55:40 +0000] \"GET /stores.html?cityId=9173&channel=4 HTTP/1.1\" 200 -\n","timestamp":"2016-06-07T07:55:41.064Z"}
{"level":"info","message":"::1 - - [07/Jun/2016:07:55:41 +0000] \"GET /public/css/index.css?v=${versionNo} HTTP/1.1\" 404 48\n","timestamp":"2016-06-07T07:55:41.095Z"}
{"level":"info","message":"::1 - - [07/Jun/2016:07:55:41 +0000] \"GET /javascripts/stores.js?v=${versionNo} HTTP/1.1\" 404 49\n","timestamp":"2016-06-07T07:55:41.101Z"}
{"level":"info","message":"::1 - - [07/Jun/2016:07:55:41 +0000] \"GET /public/css/index.css?v=${versionNo} HTTP/1.1\" 404 48\n","timestamp":"2016-06-07T07:55:41.666Z"}
{"level":"info","message":"::1 - - [07/Jun/2016:07:55:41 +0000] \"GET /javascripts/stores.js?v=${versionNo} HTTP/1.1\" 404 49\n","timestamp":"2016-06-07T07:55:41.916Z"}
{"level":"info","message":"::1 - - [07/Jun/2016:07:56:29 +0000] \"GET /stores.html?cityId=9173&channel=4 HTTP/1.1\" 200 -\n","timestamp":"2016-06-07T07:56:29.652Z"}
{"level":"info","message":"::1 - - [07/Jun/2016:07:56:29 +0000] \"GET /public/css/index.css?v=${versionNo} HTTP/1.1\" 404 48\n","timestamp":"2016-06-07T07:56:29.745Z"}
{"level":"info","message":"::1 - - [07/Jun/2016:07:56:29 +0000] \"GET /javascripts/stores.js?v=${versionNo} HTTP/1.1\" 404 49\n","timestamp":"2016-06-07T07:56:29.770Z"}
{"level":"info","message":"::1 - - [07/Jun/2016:07:56:30 +0000] \"GET /public/css/index.css?v=${versionNo} HTTP/1.1\" 404 48\n","timestamp":"2016-06-07T07:56:30.199Z"}
{"level":"info","message":"::1 - - [07/Jun/2016:07:56:30 +0000] \"GET /javascripts/stores.js?v=${versionNo} HTTP/1.1\" 404 49\n","timestamp":"2016-06-07T07:56:30.425Z"}
{"level":"info","message":"::1 - - [07/Jun/2016:07:58:17 +0000] \"GET /stores.html?cityId=9173&channel=4 HTTP/1.1\" 200 -\n","timestamp":"2016-06-07T07:58:17.806Z"}
{"level":"info","message":"::1 - - [07/Jun/2016:07:58:17 +0000] \"GET /public/css/index.css?v=${versionNo} HTTP/1.1\" 404 48\n","timestamp":"2016-06-07T07:58:17.865Z"}
{"level":"info","message":"::1 - - [07/Jun/2016:07:58:17 +0000] \"GET /javascripts/stores.js?v=${versionNo} HTTP/1.1\" 404 49\n","timestamp":"2016-06-07T07:58:17.873Z"}
{"level":"info","message":"::1 - - [07/Jun/2016:07:58:18 +0000] \"GET /public/css/index.css?v=${versionNo} HTTP/1.1\" 404 48\n","timestamp":"2016-06-07T07:58:18.268Z"}
{"level":"info","message":"::1 - - [07/Jun/2016:07:58:18 +0000] \"GET /javascripts/stores.js?v=${versionNo} HTTP/1.1\" 404 49\n","timestamp":"2016-06-07T07:58:18.464Z"}
{"level":"info","message":"::1 - - [07/Jun/2016:07:58:24 +0000] \"GET /stores.html?cityId=9173&channel=4 HTTP/1.1\" 304 -\n","timestamp":"2016-06-07T07:58:24.766Z"}
{"level":"info","message":"::1 - - [07/Jun/2016:07:58:24 +0000] \"GET /public/css/index.css?v=${versionNo} HTTP/1.1\" 404 48\n","timestamp":"2016-06-07T07:58:24.819Z"}
{"level":"info","message":"::1 - - [07/Jun/2016:07:58:24 +0000] \"GET /javascripts/stores.js?v=${versionNo} HTTP/1.1\" 404 49\n","timestamp":"2016-06-07T07:58:24.820Z"}
{"level":"info","message":"::1 - - [07/Jun/2016:07:58:25 +0000] \"GET /public/css/index.css?v=${versionNo} HTTP/1.1\" 404 48\n","timestamp":"2016-06-07T07:58:25.330Z"}
{"level":"info","message":"::1 - - [07/Jun/2016:07:58:25 +0000] \"GET /javascripts/stores.js?v=${versionNo} HTTP/1.1\" 404 49\n","timestamp":"2016-06-07T07:58:25.461Z"}
{"level":"info","message":"::1 - - [07/Jun/2016:07:59:17 +0000] \"GET /stores.html?cityId=9173&channel=4 HTTP/1.1\" 200 -\n","timestamp":"2016-06-07T07:59:17.897Z"}
{"level":"info","message":"::1 - - [07/Jun/2016:07:59:18 +0000] \"GET /public/css/index.css?v=${versionNo} HTTP/1.1\" 404 48\n","timestamp":"2016-06-07T07:59:18.007Z"}
{"level":"info","message":"::1 - - [07/Jun/2016:07:59:18 +0000] \"GET /javascripts/stores.js?v=${versionNo} HTTP/1.1\" 404 49\n","timestamp":"2016-06-07T07:59:18.098Z"}
{"level":"info","message":"::1 - - [07/Jun/2016:07:59:18 +0000] \"GET /public/css/index.css?v=${versionNo} HTTP/1.1\" 404 48\n","timestamp":"2016-06-07T07:59:18.451Z"}
{"level":"info","message":"::1 - - [07/Jun/2016:07:59:18 +0000] \"GET /javascripts/stores.js?v=${versionNo} HTTP/1.1\" 404 49\n","timestamp":"2016-06-07T07:59:18.625Z"}
{"level":"info","message":"::1 - - [07/Jun/2016:07:59:34 +0000] \"GET /stores.html?cityId=9173&channel=4 HTTP/1.1\" 304 -\n","timestamp":"2016-06-07T07:59:34.771Z"}
{"level":"info","message":"::1 - - [07/Jun/2016:07:59:34 +0000] \"GET /public/css/index.css?v=${versionNo} HTTP/1.1\" 404 48\n","timestamp":"2016-06-07T07:59:34.900Z"}
{"level":"info","message":"::1 - - [07/Jun/2016:07:59:34 +0000] \"GET /javascripts/stores.js?v=${versionNo} HTTP/1.1\" 404 49\n","timestamp":"2016-06-07T07:59:34.975Z"}
{"level":"info","message":"::1 - - [07/Jun/2016:07:59:35 +0000] \"GET /public/css/index.css?v=${versionNo} HTTP/1.1\" 404 48\n","timestamp":"2016-06-07T07:59:35.319Z"}
{"level":"info","message":"::1 - - [07/Jun/2016:07:59:35 +0000] \"GET /javascripts/stores.js?v=${versionNo} HTTP/1.1\" 404 49\n","timestamp":"2016-06-07T07:59:35.482Z"}
{"level":"info","message":"::1 - - [07/Jun/2016:08:01:42 +0000] \"GET /stores.html?cityId=9173&channel=4 HTTP/1.1\" 304 -\n","timestamp":"2016-06-07T08:01:42.083Z"}
{"level":"info","message":"::1 - - [07/Jun/2016:08:01:42 +0000] \"GET /public/css/index.css?v=${versionNo} HTTP/1.1\" 404 48\n","timestamp":"2016-06-07T08:01:42.215Z"}
{"level":"info","message":"::1 - - [07/Jun/2016:08:01:42 +0000] \"GET /javascripts/stores.js?v=${versionNo} HTTP/1.1\" 404 49\n","timestamp":"2016-06-07T08:01:42.384Z"}
{"level":"info","message":"::1 - - [07/Jun/2016:08:01:42 +0000] \"GET /public/css/index.css?v=${versionNo} HTTP/1.1\" 404 48\n","timestamp":"2016-06-07T08:01:42.771Z"}
{"level":"info","message":"::1 - - [07/Jun/2016:08:01:42 +0000] \"GET /javascripts/stores.js?v=${versionNo} HTTP/1.1\" 404 49\n","timestamp":"2016-06-07T08:01:42.912Z"}
{"level":"info","message":"::1 - - [07/Jun/2016:08:03:46 +0000] \"GET /stores.html?cityId=9173&channel=4 HTTP/1.1\" 304 -\n","timestamp":"2016-06-07T08:03:46.002Z"}
{"level":"info","message":"::1 - - [07/Jun/2016:08:03:46 +0000] \"GET /public/css/index.css?v=${versionNo} HTTP/1.1\" 404 48\n","timestamp":"2016-06-07T08:03:46.182Z"}
{"level":"info","message":"::1 - - [07/Jun/2016:08:03:46 +0000] \"GET /javascripts/stores.js?v=${versionNo} HTTP/1.1\" 404 49\n","timestamp":"2016-06-07T08:03:46.187Z"}
{"level":"info","message":"::1 - - [07/Jun/2016:08:03:46 +0000] \"GET /public/css/index.css?v=${versionNo} HTTP/1.1\" 404 48\n","timestamp":"2016-06-07T08:03:46.741Z"}
{"level":"info","message":"::1 - - [07/Jun/2016:08:03:47 +0000] \"GET /javascripts/stores.js?v=${versionNo} HTTP/1.1\" 404 49\n","timestamp":"2016-06-07T08:03:47.052Z"}
{"level":"info","message":"::1 - - [07/Jun/2016:08:04:04 +0000] \"GET /stores.html?cityId=9173&channel=4 HTTP/1.1\" 304 -\n","timestamp":"2016-06-07T08:04:04.787Z"}
{"level":"info","message":"::1 - - [07/Jun/2016:08:04:04 +0000] \"GET /public/css/index.css?v=${versionNo} HTTP/1.1\" 404 48\n","timestamp":"2016-06-07T08:04:04.888Z"}
{"level":"info","message":"::1 - - [07/Jun/2016:08:04:04 +0000] \"GET /javascripts/stores.js?v=${versionNo} HTTP/1.1\" 404 49\n","timestamp":"2016-06-07T08:04:04.907Z"}
{"level":"info","message":"::1 - - [07/Jun/2016:08:04:05 +0000] \"GET /public/css/index.css?v=${versionNo} HTTP/1.1\" 404 48\n","timestamp":"2016-06-07T08:04:05.537Z"}
{"level":"info","message":"::1 - - [07/Jun/2016:08:04:05 +0000] \"GET /javascripts/stores.js?v=${versionNo} HTTP/1.1\" 404 49\n","timestamp":"2016-06-07T08:04:05.601Z"}
{"level":"info","message":"::1 - - [07/Jun/2016:08:04:33 +0000] \"GET /public/css/index.css?v=${versionNo} HTTP/1.1\" 404 48\n","timestamp":"2016-06-07T08:04:33.247Z"}
{"level":"info","message":"::1 - - [07/Jun/2016:08:04:38 +0000] \"GET /css/index.css?v=${versionNo} HTTP/1.1\" 404 41\n","timestamp":"2016-06-07T08:04:38.511Z"}
{"level":"info","message":"::1 - - [07/Jun/2016:08:04:42 +0000] \"GET /css/index.css HTTP/1.1\" 404 26\n","timestamp":"2016-06-07T08:04:42.062Z"}
{"level":"info","message":"::1 - - [07/Jun/2016:08:05:21 +0000] \"GET /public/index.css HTTP/1.1\" 404 29\n","timestamp":"2016-06-07T08:05:21.584Z"}
{"level":"info","message":"::1 - - [07/Jun/2016:08:05:26 +0000] \"GET /public/css/index.css HTTP/1.1\" 404 33\n","timestamp":"2016-06-07T08:05:26.893Z"}
{"level":"info","message":"::1 - - [07/Jun/2016:08:06:13 +0000] \"GET /public/css/index.css HTTP/1.1\" 404 33\n","timestamp":"2016-06-07T08:06:13.193Z"}
{"level":"info","message":"::1 - - [07/Jun/2016:08:06:17 +0000] \"GET /css/style.css HTTP/1.1\" 404 26\n","timestamp":"2016-06-07T08:06:17.994Z"}
{"level":"info","message":"::1 - - [07/Jun/2016:08:06:22 +0000] \"GET /public/css/style.css HTTP/1.1\" 404 33\n","timestamp":"2016-06-07T08:06:22.401Z"}
{"level":"info","message":"::1 - - [07/Jun/2016:08:06:37 +0000] \"GET /public/style.css HTTP/1.1\" 404 29\n","timestamp":"2016-06-07T08:06:37.336Z"}
{"level":"info","message":"::1 - - [07/Jun/2016:08:06:50 +0000] \"GET /stores.html?cityId=9173&channel=4 HTTP/1.1\" 200 -\n","timestamp":"2016-06-07T08:06:50.130Z"}
{"level":"info","message":"::1 - - [07/Jun/2016:08:06:50 +0000] \"GET /css/style.css?v=${versionNo} HTTP/1.1\" 404 41\n","timestamp":"2016-06-07T08:06:50.257Z"}
{"level":"info","message":"::1 - - [07/Jun/2016:08:06:50 +0000] \"GET /javascripts/stores.js?v=${versionNo} HTTP/1.1\" 404 49\n","timestamp":"2016-06-07T08:06:50.387Z"}
{"level":"info","message":"::1 - - [07/Jun/2016:08:06:50 +0000] \"GET /css/style.css?v=${versionNo} HTTP/1.1\" 404 41\n","timestamp":"2016-06-07T08:06:50.830Z"}
{"level":"info","message":"::1 - - [07/Jun/2016:08:06:51 +0000] \"GET /javascripts/stores.js?v=${versionNo} HTTP/1.1\" 404 49\n","timestamp":"2016-06-07T08:06:51.023Z"}
{"level":"info","message":"::1 - - [07/Jun/2016:08:07:55 +0000] \"GET / HTTP/1.1\" 404 13\n","timestamp":"2016-06-07T08:07:55.101Z"}
{"level":"info","message":"::1 - - [07/Jun/2016:08:08:01 +0000] \"GET /public/css/index.css HTTP/1.1\" 404 33\n","timestamp":"2016-06-07T08:08:01.019Z"}
{"level":"info","message":"::1 - - [07/Jun/2016:08:08:07 +0000] \"GET /css/index.css HTTP/1.1\" 200 -\n","timestamp":"2016-06-07T08:08:07.842Z"}
{"level":"info","message":"::1 - - [07/Jun/2016:08:08:37 +0000] \"GET /stores.html?cityId=9173&channel=4 HTTP/1.1\" 200 -\n","timestamp":"2016-06-07T08:08:37.056Z"}
{"level":"info","message":"::1 - - [07/Jun/2016:08:08:37 +0000] \"GET /css/index.css?v=${versionNo} HTTP/1.1\" 200 -\n","timestamp":"2016-06-07T08:08:37.216Z"}
{"level":"info","message":"::1 - - [07/Jun/2016:08:08:37 +0000] \"GET /css/images/banner.png HTTP/1.1\" 404 34\n","timestamp":"2016-06-07T08:08:37.392Z"}
{"level":"info","message":"::1 - - [07/Jun/2016:08:08:37 +0000] \"GET /css/images/store-title.png HTTP/1.1\" 404 39\n","timestamp":"2016-06-07T08:08:37.395Z"}
{"level":"info","message":"::1 - - [07/Jun/2016:08:08:37 +0000] \"GET /css/images/ico-address.png HTTP/1.1\" 404 39\n","timestamp":"2016-06-07T08:08:37.398Z"}
{"level":"info","message":"::1 - - [07/Jun/2016:08:08:37 +0000] \"GET /css/images/ico-info.png HTTP/1.1\" 404 36\n","timestamp":"2016-06-07T08:08:37.406Z"}
{"level":"info","message":"::1 - - [07/Jun/2016:08:08:37 +0000] \"GET /javascripts/stores.js?v=${versionNo} HTTP/1.1\" 404 49\n","timestamp":"2016-06-07T08:08:37.411Z"}
{"level":"info","message":"::1 - - [07/Jun/2016:08:08:37 +0000] \"GET /css/images/ico-cloud.png HTTP/1.1\" 404 37\n","timestamp":"2016-06-07T08:08:37.418Z"}
{"level":"info","message":"::1 - - [07/Jun/2016:08:08:37 +0000] \"GET /css/images/ico-tag2.png HTTP/1.1\" 404 36\n","timestamp":"2016-06-07T08:08:37.420Z"}
{"level":"info","message":"::1 - - [07/Jun/2016:08:08:37 +0000] \"GET /css/images/list-img.png HTTP/1.1\" 404 36\n","timestamp":"2016-06-07T08:08:37.421Z"}
{"level":"info","message":"::1 - - [07/Jun/2016:08:08:37 +0000] \"GET /css/images/ico-likes.png HTTP/1.1\" 404 37\n","timestamp":"2016-06-07T08:08:37.423Z"}
{"level":"info","message":"::1 - - [07/Jun/2016:08:08:37 +0000] \"GET /css/images/ico-location.png HTTP/1.1\" 404 40\n","timestamp":"2016-06-07T08:08:37.424Z"}
{"level":"info","message":"::1 - - [07/Jun/2016:08:08:37 +0000] \"GET /css/index.css?v=${versionNo} HTTP/1.1\" 304 -\n","timestamp":"2016-06-07T08:08:37.866Z"}
{"level":"info","message":"::1 - - [07/Jun/2016:08:08:38 +0000] \"GET /javascripts/stores.js?v=${versionNo} HTTP/1.1\" 404 49\n","timestamp":"2016-06-07T08:08:38.067Z"}
{"level":"info","message":"::1 - - [07/Jun/2016:08:08:56 +0000] \"GET /stores.html?cityId=9173&channel=4 HTTP/1.1\" 304 -\n","timestamp":"2016-06-07T08:08:56.666Z"}
{"level":"info","message":"::1 - - [07/Jun/2016:08:08:56 +0000] \"GET /css/index.css?v=${versionNo} HTTP/1.1\" 304 -\n","timestamp":"2016-06-07T08:08:56.780Z"}
{"level":"info","message":"::1 - - [07/Jun/2016:08:08:56 +0000] \"GET /javascripts/stores.js?v=${versionNo} HTTP/1.1\" 404 49\n","timestamp":"2016-06-07T08:08:56.844Z"}
{"level":"info","message":"::1 - - [07/Jun/2016:08:08:56 +0000] \"GET /css/images/banner.png HTTP/1.1\" 404 34\n","timestamp":"2016-06-07T08:08:56.877Z"}
{"level":"info","message":"::1 - - [07/Jun/2016:08:08:56 +0000] \"GET /css/images/store-title.png HTTP/1.1\" 404 39\n","timestamp":"2016-06-07T08:08:56.881Z"}
{"level":"info","message":"::1 - - [07/Jun/2016:08:08:56 +0000] \"GET /css/images/ico-address.png HTTP/1.1\" 404 39\n","timestamp":"2016-06-07T08:08:56.885Z"}
{"level":"info","message":"::1 - - [07/Jun/2016:08:08:56 +0000] \"GET /css/images/ico-info.png HTTP/1.1\" 404 36\n","timestamp":"2016-06-07T08:08:56.887Z"}
{"level":"info","message":"::1 - - [07/Jun/2016:08:08:56 +0000] \"GET /css/images/list-img.png HTTP/1.1\" 404 36\n","timestamp":"2016-06-07T08:08:56.892Z"}
{"level":"info","message":"::1 - - [07/Jun/2016:08:08:56 +0000] \"GET /css/images/ico-cloud.png HTTP/1.1\" 404 37\n","timestamp":"2016-06-07T08:08:56.910Z"}
{"level":"info","message":"::1 - - [07/Jun/2016:08:08:56 +0000] \"GET /css/images/ico-tag2.png HTTP/1.1\" 404 36\n","timestamp":"2016-06-07T08:08:56.912Z"}
{"level":"info","message":"::1 - - [07/Jun/2016:08:08:56 +0000] \"GET /css/images/ico-likes.png HTTP/1.1\" 404 37\n","timestamp":"2016-06-07T08:08:56.914Z"}
{"level":"info","message":"::1 - - [07/Jun/2016:08:08:56 +0000] \"GET /css/images/ico-location.png HTTP/1.1\" 404 40\n","timestamp":"2016-06-07T08:08:56.916Z"}
{"level":"info","message":"::1 - - [07/Jun/2016:08:08:57 +0000] \"GET /css/index.css?v=${versionNo} HTTP/1.1\" 304 -\n","timestamp":"2016-06-07T08:08:57.267Z"}
{"level":"info","message":"::1 - - [07/Jun/2016:08:08:57 +0000] \"GET /javascripts/stores.js?v=${versionNo} HTTP/1.1\" 404 49\n","timestamp":"2016-06-07T08:08:57.436Z"}
{"level":"info","message":"::1 - - [07/Jun/2016:08:09:16 +0000] \"GET /stores.html?cityId=9173&channel=4 HTTP/1.1\" 304 -\n","timestamp":"2016-06-07T08:09:16.109Z"}
{"level":"info","message":"::1 - - [07/Jun/2016:08:09:16 +0000] \"GET /css/index.css?v=${versionNo} HTTP/1.1\" 304 -\n","timestamp":"2016-06-07T08:09:16.233Z"}
{"level":"info","message":"::1 - - [07/Jun/2016:08:09:16 +0000] \"GET /javascripts/stores.js?v=${versionNo} HTTP/1.1\" 404 49\n","timestamp":"2016-06-07T08:09:16.235Z"}
{"level":"info","message":"::1 - - [07/Jun/2016:08:09:16 +0000] \"GET /css/images/banner.png HTTP/1.1\" 404 34\n","timestamp":"2016-06-07T08:09:16.304Z"}
{"level":"info","message":"::1 - - [07/Jun/2016:08:09:16 +0000] \"GET /css/images/store-title.png HTTP/1.1\" 404 39\n","timestamp":"2016-06-07T08:09:16.309Z"}
{"level":"info","message":"::1 - - [07/Jun/2016:08:09:16 +0000] \"GET /css/images/ico-address.png HTTP/1.1\" 404 39\n","timestamp":"2016-06-07T08:09:16.311Z"}
{"level":"info","message":"::1 - - [07/Jun/2016:08:09:16 +0000] \"GET /css/images/ico-info.png HTTP/1.1\" 404 36\n","timestamp":"2016-06-07T08:09:16.313Z"}
{"level":"info","message":"::1 - - [07/Jun/2016:08:09:16 +0000] \"GET /css/images/list-img.png HTTP/1.1\" 404 36\n","timestamp":"2016-06-07T08:09:16.315Z"}
{"level":"info","message":"::1 - - [07/Jun/2016:08:09:16 +0000] \"GET /css/images/ico-cloud.png HTTP/1.1\" 404 37\n","timestamp":"2016-06-07T08:09:16.316Z"}
{"level":"info","message":"::1 - - [07/Jun/2016:08:09:16 +0000] \"GET /css/images/ico-likes.png HTTP/1.1\" 404 37\n","timestamp":"2016-06-07T08:09:16.343Z"}
{"level":"info","message":"::1 - - [07/Jun/2016:08:09:16 +0000] \"GET /css/images/ico-location.png HTTP/1.1\" 404 40\n","timestamp":"2016-06-07T08:09:16.345Z"}
{"level":"info","message":"::1 - - [07/Jun/2016:08:09:16 +0000] \"GET /css/images/ico-tag2.png HTTP/1.1\" 404 36\n","timestamp":"2016-06-07T08:09:16.349Z"}
{"level":"info","message":"::1 - - [07/Jun/2016:08:09:16 +0000] \"GET /css/index.css?v=${versionNo} HTTP/1.1\" 304 -\n","timestamp":"2016-06-07T08:09:16.782Z"}
{"level":"info","message":"::1 - - [07/Jun/2016:08:09:16 +0000] \"GET /javascripts/stores.js?v=${versionNo} HTTP/1.1\" 404 49\n","timestamp":"2016-06-07T08:09:16.998Z"}
{"level":"info","message":"::1 - - [07/Jun/2016:09:00:20 +0000] \"GET /stores.html?cityId=9173&channel=4 HTTP/1.1\" 200 -\n","timestamp":"2016-06-07T09:00:20.168Z"}
{"level":"info","message":"::1 - - [07/Jun/2016:09:00:20 +0000] \"GET /css/index.css?v=${versionNo} HTTP/1.1\" 304 -\n","timestamp":"2016-06-07T09:00:20.307Z"}
{"level":"info","message":"::1 - - [07/Jun/2016:09:00:20 +0000] \"GET /js/stores.js?v=${versionNo} HTTP/1.1\" 200 -\n","timestamp":"2016-06-07T09:00:20.344Z"}
{"level":"info","message":"::1 - - [07/Jun/2016:09:00:20 +0000] \"GET /css/images/banner.png HTTP/1.1\" 404 34\n","timestamp":"2016-06-07T09:00:20.437Z"}
{"level":"info","message":"::1 - - [07/Jun/2016:09:00:20 +0000] \"GET /css/images/store-title.png HTTP/1.1\" 404 39\n","timestamp":"2016-06-07T09:00:20.438Z"}
{"level":"info","message":"::1 - - [07/Jun/2016:09:00:20 +0000] \"GET /css/images/ico-address.png HTTP/1.1\" 404 39\n","timestamp":"2016-06-07T09:00:20.446Z"}
{"level":"info","message":"::1 - - [07/Jun/2016:09:00:20 +0000] \"GET /css/images/ico-info.png HTTP/1.1\" 404 36\n","timestamp":"2016-06-07T09:00:20.448Z"}
{"level":"info","message":"::1 - - [07/Jun/2016:09:00:20 +0000] \"GET /css/images/list-img.png HTTP/1.1\" 404 36\n","timestamp":"2016-06-07T09:00:20.451Z"}
{"level":"info","message":"::1 - - [07/Jun/2016:09:00:20 +0000] \"GET /css/images/ico-cloud.png HTTP/1.1\" 404 37\n","timestamp":"2016-06-07T09:00:20.452Z"}
{"level":"info","message":"::1 - - [07/Jun/2016:09:00:20 +0000] \"GET /css/images/ico-likes.png HTTP/1.1\" 404 37\n","timestamp":"2016-06-07T09:00:20.479Z"}
{"level":"info","message":"::1 - - [07/Jun/2016:09:00:20 +0000] \"GET /css/images/ico-location.png HTTP/1.1\" 404 40\n","timestamp":"2016-06-07T09:00:20.482Z"}
{"level":"info","message":"::1 - - [07/Jun/2016:09:00:20 +0000] \"GET /css/images/ico-tag2.png HTTP/1.1\" 404 36\n","timestamp":"2016-06-07T09:00:20.483Z"}
{"level":"info","message":"::1 - - [07/Jun/2016:09:00:20 +0000] \"GET /css/index.css?v=${versionNo} HTTP/1.1\" 304 -\n","timestamp":"2016-06-07T09:00:20.885Z"}
{"level":"info","message":"::1 - - [07/Jun/2016:09:00:21 +0000] \"GET /js/stores.js?v=${versionNo} HTTP/1.1\" 304 -\n","timestamp":"2016-06-07T09:00:21.330Z"}
{"level":"info","message":"::1 - - [07/Jun/2016:09:01:06 +0000] \"GET /stores.html?cityId=9173&channel=4 HTTP/1.1\" 304 -\n","timestamp":"2016-06-07T09:01:06.942Z"}
{"level":"info","message":"::1 - - [07/Jun/2016:09:01:07 +0000] \"GET /css/index.css?v=${versionNo} HTTP/1.1\" 304 -\n","timestamp":"2016-06-07T09:01:07.036Z"}
{"level":"info","message":"::1 - - [07/Jun/2016:09:01:07 +0000] \"GET /js/stores.js?v=${versionNo} HTTP/1.1\" 304 -\n","timestamp":"2016-06-07T09:01:07.161Z"}
{"level":"info","message":"::1 - - [07/Jun/2016:09:01:07 +0000] \"GET /css/images/ico-info.png HTTP/1.1\" 404 36\n","timestamp":"2016-06-07T09:01:07.185Z"}
{"level":"info","message":"::1 - - [07/Jun/2016:09:01:07 +0000] \"GET /css/images/store-title.png HTTP/1.1\" 404 39\n","timestamp":"2016-06-07T09:01:07.186Z"}
{"level":"info","message":"::1 - - [07/Jun/2016:09:01:07 +0000] \"GET /css/images/ico-cloud.png HTTP/1.1\" 404 37\n","timestamp":"2016-06-07T09:01:07.187Z"}
{"level":"info","message":"::1 - - [07/Jun/2016:09:01:07 +0000] \"GET /css/images/ico-likes.png HTTP/1.1\" 404 37\n","timestamp":"2016-06-07T09:01:07.188Z"}
{"level":"info","message":"::1 - - [07/Jun/2016:09:01:07 +0000] \"GET /css/images/ico-address.png HTTP/1.1\" 404 39\n","timestamp":"2016-06-07T09:01:07.189Z"}
{"level":"info","message":"::1 - - [07/Jun/2016:09:01:07 +0000] \"GET /css/images/list-img.png HTTP/1.1\" 404 36\n","timestamp":"2016-06-07T09:01:07.189Z"}
{"level":"info","message":"::1 - - [07/Jun/2016:09:01:07 +0000] \"GET /css/images/ico-location.png HTTP/1.1\" 404 40\n","timestamp":"2016-06-07T09:01:07.214Z"}
{"level":"info","message":"::1 - - [07/Jun/2016:09:01:07 +0000] \"GET /css/images/ico-tag2.png HTTP/1.1\" 404 36\n","timestamp":"2016-06-07T09:01:07.220Z"}
{"level":"info","message":"::1 - - [07/Jun/2016:09:01:07 +0000] \"GET /css/images/banner.png HTTP/1.1\" 404 34\n","timestamp":"2016-06-07T09:01:07.222Z"}
{"level":"info","message":"::1 - - [07/Jun/2016:09:01:07 +0000] \"GET /css/index.css?v=${versionNo} HTTP/1.1\" 304 -\n","timestamp":"2016-06-07T09:01:07.625Z"}
{"level":"info","message":"::1 - - [07/Jun/2016:09:01:09 +0000] \"GET /js/stores.js?v=${versionNo} HTTP/1.1\" 304 -\n","timestamp":"2016-06-07T09:01:09.557Z"}
{"level":"info","message":"::1 - - [07/Jun/2016:09:01:25 +0000] \"GET /stores.html?cityId=9173&channel=4 HTTP/1.1\" 200 -\n","timestamp":"2016-06-07T09:01:25.158Z"}
{"level":"info","message":"::1 - - [07/Jun/2016:09:01:25 +0000] \"GET /css/index.css?v=${versionNo} HTTP/1.1\" 304 -\n","timestamp":"2016-06-07T09:01:25.223Z"}
{"level":"info","message":"::1 - - [07/Jun/2016:09:01:25 +0000] \"GET /css/images/banner.png HTTP/1.1\" 404 34\n","timestamp":"2016-06-07T09:01:25.373Z"}
{"level":"info","message":"::1 - - [07/Jun/2016:09:01:25 +0000] \"GET /css/images/store-title.png HTTP/1.1\" 404 39\n","timestamp":"2016-06-07T09:01:25.385Z"}
{"level":"info","message":"::1 - - [07/Jun/2016:09:01:25 +0000] \"GET /css/images/ico-address.png HTTP/1.1\" 404 39\n","timestamp":"2016-06-07T09:01:25.386Z"}
{"level":"info","message":"::1 - - [07/Jun/2016:09:01:25 +0000] \"GET /css/images/ico-info.png HTTP/1.1\" 404 36\n","timestamp":"2016-06-07T09:01:25.387Z"}
{"level":"info","message":"::1 - - [07/Jun/2016:09:01:25 +0000] \"GET /css/images/list-img.png HTTP/1.1\" 404 36\n","timestamp":"2016-06-07T09:01:25.388Z"}
{"level":"info","message":"::1 - - [07/Jun/2016:09:01:25 +0000] \"GET /css/images/ico-cloud.png HTTP/1.1\" 404 37\n","timestamp":"2016-06-07T09:01:25.389Z"}
{"level":"info","message":"::1 - - [07/Jun/2016:09:01:25 +0000] \"GET /css/images/ico-likes.png HTTP/1.1\" 404 37\n","timestamp":"2016-06-07T09:01:25.392Z"}
{"level":"info","message":"::1 - - [07/Jun/2016:09:01:25 +0000] \"GET /css/images/ico-location.png HTTP/1.1\" 404 40\n","timestamp":"2016-06-07T09:01:25.399Z"}
{"level":"info","message":"::1 - - [07/Jun/2016:09:01:25 +0000] \"GET /css/images/ico-tag2.png HTTP/1.1\" 404 36\n","timestamp":"2016-06-07T09:01:25.405Z"}
{"level":"info","message":"::1 - - [07/Jun/2016:09:01:25 +0000] \"GET /css/index.css?v=${versionNo} HTTP/1.1\" 304 -\n","timestamp":"2016-06-07T09:01:25.860Z"}
{"level":"info","message":"::1 - - [07/Jun/2016:09:21:48 +0000] \"GET /stores.html?cityId=9173&channel=4 HTTP/1.1\" 200 -\n","timestamp":"2016-06-07T09:21:48.755Z"}
{"level":"info","message":"::1 - - [07/Jun/2016:09:21:48 +0000] \"GET /css/index.css?v=${versionNo} HTTP/1.1\" 200 -\n","timestamp":"2016-06-07T09:21:48.953Z"}
{"level":"info","message":"::1 - - [07/Jun/2016:09:21:49 +0000] \"GET /images/ico-address.png HTTP/1.1\" 200 1547\n","timestamp":"2016-06-07T09:21:49.037Z"}
{"level":"info","message":"::1 - - [07/Jun/2016:09:21:49 +0000] \"GET /images/store-title.png HTTP/1.1\" 200 1137\n","timestamp":"2016-06-07T09:21:49.040Z"}
{"level":"info","message":"::1 - - [07/Jun/2016:09:21:49 +0000] \"GET /images/banner.png HTTP/1.1\" 200 69453\n","timestamp":"2016-06-07T09:21:49.078Z"}
{"level":"info","message":"::1 - - [07/Jun/2016:09:21:49 +0000] \"GET /images/ico-info.png HTTP/1.1\" 200 1647\n","timestamp":"2016-06-07T09:21:49.080Z"}
{"level":"info","message":"::1 - - [07/Jun/2016:09:21:49 +0000] \"GET /images/ico-cloud.png HTTP/1.1\" 404 33\n","timestamp":"2016-06-07T09:21:49.102Z"}
{"level":"info","message":"::1 - - [07/Jun/2016:09:21:49 +0000] \"GET /images/ico-tag2.png HTTP/1.1\" 404 32\n","timestamp":"2016-06-07T09:21:49.105Z"}
{"level":"info","message":"::1 - - [07/Jun/2016:09:21:49 +0000] \"GET /images/list-img.png HTTP/1.1\" 404 32\n","timestamp":"2016-06-07T09:21:49.111Z"}
{"level":"info","message":"::1 - - [07/Jun/2016:09:21:49 +0000] \"GET /images/ico-likes.png HTTP/1.1\" 200 1267\n","timestamp":"2016-06-07T09:21:49.114Z"}
{"level":"info","message":"::1 - - [07/Jun/2016:09:21:49 +0000] \"GET /images/ico-location.png HTTP/1.1\" 200 1228\n","timestamp":"2016-06-07T09:21:49.115Z"}
{"level":"info","message":"::1 - - [07/Jun/2016:09:21:49 +0000] \"GET /css/index.css?v=${versionNo} HTTP/1.1\" 304 -\n","timestamp":"2016-06-07T09:21:49.718Z"}
{"level":"info","message":"::1 - - [07/Jun/2016:09:26:38 +0000] \"GET /stores.html?cityId=9173&channel=4 HTTP/1.1\" 304 -\n","timestamp":"2016-06-07T09:26:38.019Z"}
{"level":"info","message":"::1 - - [07/Jun/2016:09:26:38 +0000] \"GET /css/index.css?v=${versionNo} HTTP/1.1\" 304 -\n","timestamp":"2016-06-07T09:26:38.080Z"}
{"level":"info","message":"::1 - - [07/Jun/2016:09:26:38 +0000] \"GET /images/banner.png HTTP/1.1\" 304 -\n","timestamp":"2016-06-07T09:26:38.283Z"}
{"level":"info","message":"::1 - - [07/Jun/2016:09:26:38 +0000] \"GET /images/store-title.png HTTP/1.1\" 304 -\n","timestamp":"2016-06-07T09:26:38.288Z"}
{"level":"info","message":"::1 - - [07/Jun/2016:09:26:38 +0000] \"GET /images/ico-address.png HTTP/1.1\" 304 -\n","timestamp":"2016-06-07T09:26:38.289Z"}
{"level":"info","message":"::1 - - [07/Jun/2016:09:26:38 +0000] \"GET /images/ico-info.png HTTP/1.1\" 304 -\n","timestamp":"2016-06-07T09:26:38.290Z"}
{"level":"info","message":"::1 - - [07/Jun/2016:09:26:38 +0000] \"GET /images/ico-likes.png HTTP/1.1\" 304 -\n","timestamp":"2016-06-07T09:26:38.291Z"}
{"level":"info","message":"::1 - - [07/Jun/2016:09:26:38 +0000] \"GET /images/ico-location.png HTTP/1.1\" 304 -\n","timestamp":"2016-06-07T09:26:38.292Z"}
{"level":"info","message":"::1 - - [07/Jun/2016:09:26:38 +0000] \"GET /images/ico-cloud.png HTTP/1.1\" 200 1489\n","timestamp":"2016-06-07T09:26:38.296Z"}
{"level":"info","message":"::1 - - [07/Jun/2016:09:26:38 +0000] \"GET /images/list-img.png HTTP/1.1\" 200 3581\n","timestamp":"2016-06-07T09:26:38.305Z"}
{"level":"info","message":"::1 - - [07/Jun/2016:09:26:38 +0000] \"GET /images/ico-tag2.png HTTP/1.1\" 404 32\n","timestamp":"2016-06-07T09:26:38.310Z"}
{"level":"info","message":"::1 - - [07/Jun/2016:09:26:38 +0000] \"GET /css/index.css?v=${versionNo} HTTP/1.1\" 304 -\n","timestamp":"2016-06-07T09:26:38.720Z"}
